<?xml version="1.0" encoding="UTF-8"?>
<testsuites name="Goods Receipt" time="8.806" tests="1" failures="0" errors="0">
   <testsuite name="Goods Receipt" tests="1" failures="0" errors="0" time="8.806" skipped="0" timestamp="06-05-2024T09:50:24" hostname="UmaSankaran - host.docker.internal" id="Test Suites/Goods Receipt">
      <properties>
         <property name="deviceName" value=""/>
         <property name="devicePlatform" value=""/>
         <property name="logFolder" value="C:\\Users\\UmaSankaran\\git\\OdooInventoryKatalon\\newcode\\OdooInventoryKatalon\\05-02\\Reports\\20240506_095006\\Goods Receipt\\20240506_095009"/>
         <property name="logFiles" value="C:\\Users\\UmaSankaran\\git\\OdooInventoryKatalon\\newcode\\OdooInventoryKatalon\\05-02\\Reports\\20240506_095006\\Goods Receipt\\20240506_095009\\execution0.log"/>
         <property name="attachments" value=""/>
         <property name="hostName" value="UmaSankaran - host.docker.internal"/>
         <property name="os" value="Windows 10 64bit"/>
         <property name="katalonVersion" value="9.3.2.212"/>
         <property name="browser" value="Chrome 123.0.0.0"/>
         <property name="hostAddress" value="10.0.0.145"/>
         <property name="sessionId" value="e33ac259360c183738096c3169551106"/>
         <property name="seleniumVersion" value="3.141.59"/>
         <property name="proxyInformation" value="ProxyInformation { proxyOption=NO_PROXY, proxyServerType=HTTP, username=, password=********, proxyServerAddress=, proxyServerPort=0, executionList=&quot;&quot;, isApplyToDesiredCapabilities=true }"/>
         <property name="platform" value="Windows 10"/>
      </properties>
      <testcase name="Test Cases/Login to Odoo Inventory ERP System" time="8.616" classname="Test Cases/Login to Odoo Inventory ERP System" status="PASSED">
         <system-out><![CDATA[06-05-2024T09:50:25 - [TEST_CASE][PASSED] - Test Cases/Login to Odoo Inventory ERP System: Test Cases/Login to Odoo Inventory ERP System

06-05-2024T09:50:25 - [TEST_STEP][PASSED] - openBrowser(""): Browser is opened with url: ''

06-05-2024T09:50:25 - [MESSAGE][INFO] - Starting 'Chrome' driver

06-05-2024T09:50:25 - [MESSAGE][INFO] - Action delay is set to 0 milliseconds

06-05-2024T09:50:28 - [MESSAGE][PASSED] - Browser is opened with url: ''

06-05-2024T09:50:28 - [TEST_STEP][PASSED] - navigateToUrl("https://freelance25.odoo.com/web/login?redirect=%2Fodoo%3F"): Navigate to 'https://freelance25.odoo.com/web/login?redirect=%2Fodoo%3F' successfully

06-05-2024T09:50:29 - [MESSAGE][PASSED] - Navigate to 'https://freelance25.odoo.com/web/login?redirect=%2Fodoo%3F' successfully

06-05-2024T09:50:29 - [TEST_STEP][PASSED] - setText(findTestObject("Object Repository/Odoo_loginPage/txt_Email"), Email): Text 'boybawang1900@gmail.com' is set on object 'Object Repository/Odoo_loginPage/txt_Email'

06-05-2024T09:50:30 - [MESSAGE][PASSED] - Text 'boybawang1900@gmail.com' is set on object 'Object Repository/Odoo_loginPage/txt_Email'

06-05-2024T09:50:30 - [TEST_STEP][PASSED] - setText(findTestObject("Object Repository/Odoo_loginPage/txt_Password"), Password): Text 'OdooLogin@1234' is set on object 'Object Repository/Odoo_loginPage/txt_Password'

06-05-2024T09:50:31 - [MESSAGE][PASSED] - Text 'OdooLogin@1234' is set on object 'Object Repository/Odoo_loginPage/txt_Password'

06-05-2024T09:50:31 - [TEST_STEP][PASSED] - click(findTestObject("Object Repository/Odoo_loginPage/btn_Login")): Object: 'Object Repository/Odoo_loginPage/btn_Login' is clicked on

06-05-2024T09:50:33 - [MESSAGE][PASSED] - Object: 'Object Repository/Odoo_loginPage/btn_Login' is clicked on]]></system-out>
         <system-err><![CDATA[]]></system-err>
      </testcase>
      <system-out><![CDATA[06-05-2024T09:50:24 - [TEST_SUITE][PASSED] - Goods Receipt: Test Cases/Login to Odoo Inventory ERP System]]></system-out>
      <system-err><![CDATA[]]></system-err>
   </testsuite>
</testsuites>
